[0.176s] DEBUG:colcon:Command line arguments: ['/usr/bin/colcon', 'build']
[0.176s] DEBUG:colcon:Parsed command line arguments: Namespace(log_base=None, log_level=None, verb_name='build', build_base='build', install_base='install', merge_install=False, symlink_install=False, test_result_base=None, continue_on_error=False, executor='parallel', parallel_workers=12, event_handlers=None, ignore_user_meta=False, metas=['./colcon.meta'], base_paths=['.'], packages_ignore=None, packages_ignore_regex=None, paths=None, packages_up_to=None, packages_up_to_regex=None, packages_above=None, packages_above_and_dependencies=None, packages_above_depth=None, packages_select_by_dep=None, packages_skip_by_dep=None, packages_skip_up_to=None, packages_select_build_failed=False, packages_skip_build_finished=False, packages_select_test_failures=False, packages_skip_test_passed=False, packages_select=None, packages_skip=None, packages_select_regex=None, packages_skip_regex=None, packages_start=None, packages_end=None, allow_overriding=[], cmake_args=None, cmake_target=None, cmake_target_skip_unavailable=False, cmake_clean_cache=False, cmake_clean_first=False, cmake_force_configure=False, ament_cmake_args=None, catkin_cmake_args=None, catkin_skip_building_tests=False, mixin_files=None, mixin=None, verb_parser=<colcon_mixin.mixin.mixin_argument.MixinArgumentDecorator object at 0x7f766d41a230>, verb_extension=<colcon_core.verb.build.BuildVerb object at 0x7f766d617ca0>, main=<bound method BuildVerb.main of <colcon_core.verb.build.BuildVerb object at 0x7f766d617ca0>>, mixin_verb=('build',))
[0.213s] Level 1:colcon.colcon_core.package_discovery:discover_packages(colcon_meta) check parameters
[0.213s] Level 1:colcon.colcon_core.package_discovery:discover_packages(recursive) check parameters
[0.213s] Level 1:colcon.colcon_core.package_discovery:discover_packages(ignore) check parameters
[0.213s] Level 1:colcon.colcon_core.package_discovery:discover_packages(path) check parameters
[0.213s] Level 1:colcon.colcon_core.package_discovery:discover_packages(colcon_meta) discover
[0.213s] Level 1:colcon.colcon_core.package_discovery:discover_packages(recursive) discover
[0.213s] INFO:colcon.colcon_core.package_discovery:Crawling recursively for packages in '/home/user/drone'
[0.213s] Level 1:colcon.colcon_core.package_identification:_identify(.) by extensions ['ignore', 'ignore_ament_install']
[0.213s] Level 1:colcon.colcon_core.package_identification:_identify(.) by extension 'ignore'
[0.213s] Level 1:colcon.colcon_core.package_identification:_identify(.) by extension 'ignore_ament_install'
[0.213s] Level 1:colcon.colcon_core.package_identification:_identify(.) by extensions ['colcon_pkg']
[0.213s] Level 1:colcon.colcon_core.package_identification:_identify(.) by extension 'colcon_pkg'
[0.213s] Level 1:colcon.colcon_core.package_identification:_identify(.) by extensions ['colcon_meta']
[0.213s] Level 1:colcon.colcon_core.package_identification:_identify(.) by extension 'colcon_meta'
[0.213s] Level 1:colcon.colcon_core.package_identification:_identify(.) by extensions ['ros']
[0.213s] Level 1:colcon.colcon_core.package_identification:_identify(.) by extension 'ros'
[0.228s] Level 1:colcon.colcon_core.package_identification:_identify(.) by extensions ['cmake', 'python']
[0.228s] Level 1:colcon.colcon_core.package_identification:_identify(.) by extension 'cmake'
[0.228s] Level 1:colcon.colcon_core.package_identification:_identify(.) by extension 'python'
[0.228s] Level 1:colcon.colcon_core.package_identification:_identify(.) by extensions ['python_setup_py']
[0.228s] Level 1:colcon.colcon_core.package_identification:_identify(.) by extension 'python_setup_py'
[0.228s] Level 1:colcon.colcon_core.package_identification:_identify(build) by extensions ['ignore', 'ignore_ament_install']
[0.228s] Level 1:colcon.colcon_core.package_identification:_identify(build) by extension 'ignore'
[0.228s] Level 1:colcon.colcon_core.package_identification:_identify(build) ignored
[0.228s] Level 1:colcon.colcon_core.package_identification:_identify(install) by extensions ['ignore', 'ignore_ament_install']
[0.228s] Level 1:colcon.colcon_core.package_identification:_identify(install) by extension 'ignore'
[0.228s] Level 1:colcon.colcon_core.package_identification:_identify(install) ignored
[0.228s] Level 1:colcon.colcon_core.package_identification:_identify(log) by extensions ['ignore', 'ignore_ament_install']
[0.228s] Level 1:colcon.colcon_core.package_identification:_identify(log) by extension 'ignore'
[0.229s] Level 1:colcon.colcon_core.package_identification:_identify(log) ignored
[0.229s] Level 1:colcon.colcon_core.package_identification:_identify(src) by extensions ['ignore', 'ignore_ament_install']
[0.229s] Level 1:colcon.colcon_core.package_identification:_identify(src) by extension 'ignore'
[0.229s] Level 1:colcon.colcon_core.package_identification:_identify(src) by extension 'ignore_ament_install'
[0.229s] Level 1:colcon.colcon_core.package_identification:_identify(src) by extensions ['colcon_pkg']
[0.229s] Level 1:colcon.colcon_core.package_identification:_identify(src) by extension 'colcon_pkg'
[0.229s] Level 1:colcon.colcon_core.package_identification:_identify(src) by extensions ['colcon_meta']
[0.229s] Level 1:colcon.colcon_core.package_identification:_identify(src) by extension 'colcon_meta'
[0.229s] Level 1:colcon.colcon_core.package_identification:_identify(src) by extensions ['ros']
[0.229s] Level 1:colcon.colcon_core.package_identification:_identify(src) by extension 'ros'
[0.229s] Level 1:colcon.colcon_core.package_identification:_identify(src) by extensions ['cmake', 'python']
[0.229s] Level 1:colcon.colcon_core.package_identification:_identify(src) by extension 'cmake'
[0.229s] Level 1:colcon.colcon_core.package_identification:_identify(src) by extension 'python'
[0.229s] Level 1:colcon.colcon_core.package_identification:_identify(src) by extensions ['python_setup_py']
[0.229s] Level 1:colcon.colcon_core.package_identification:_identify(src) by extension 'python_setup_py'
[0.229s] Level 1:colcon.colcon_core.package_identification:_identify(src/ultrasonic_sensor) by extensions ['ignore', 'ignore_ament_install']
[0.229s] Level 1:colcon.colcon_core.package_identification:_identify(src/ultrasonic_sensor) by extension 'ignore'
[0.229s] Level 1:colcon.colcon_core.package_identification:_identify(src/ultrasonic_sensor) by extension 'ignore_ament_install'
[0.229s] Level 1:colcon.colcon_core.package_identification:_identify(src/ultrasonic_sensor) by extensions ['colcon_pkg']
[0.229s] Level 1:colcon.colcon_core.package_identification:_identify(src/ultrasonic_sensor) by extension 'colcon_pkg'
[0.229s] Level 1:colcon.colcon_core.package_identification:_identify(src/ultrasonic_sensor) by extensions ['colcon_meta']
[0.229s] Level 1:colcon.colcon_core.package_identification:_identify(src/ultrasonic_sensor) by extension 'colcon_meta'
[0.229s] Level 1:colcon.colcon_core.package_identification:_identify(src/ultrasonic_sensor) by extensions ['ros']
[0.229s] Level 1:colcon.colcon_core.package_identification:_identify(src/ultrasonic_sensor) by extension 'ros'
[0.231s] DEBUG:colcon.colcon_core.package_identification:Package 'src/ultrasonic_sensor' with type 'ros.ament_cmake' and name 'ultrasonic_sensor'
[0.232s] Level 1:colcon.colcon_core.package_discovery:discover_packages(recursive) using defaults
[0.232s] Level 1:colcon.colcon_core.package_discovery:discover_packages(ignore) discover
[0.232s] Level 1:colcon.colcon_core.package_discovery:discover_packages(ignore) using defaults
[0.232s] Level 1:colcon.colcon_core.package_discovery:discover_packages(path) discover
[0.232s] Level 1:colcon.colcon_core.package_discovery:discover_packages(path) using defaults
[0.252s] Level 1:colcon.colcon_core.package_discovery:discover_packages(prefix_path) check parameters
[0.252s] Level 1:colcon.colcon_core.package_discovery:discover_packages(prefix_path) discover
[0.254s] DEBUG:colcon.colcon_installed_package_information.package_discovery:Found 3 installed packages in /home/user/ros2_wstuto/install
[0.255s] DEBUG:colcon.colcon_installed_package_information.package_discovery:Found 294 installed packages in /opt/ros/humble
[0.257s] Level 1:colcon.colcon_core.package_discovery:discover_packages(prefix_path) using defaults
[0.287s] Level 5:colcon.colcon_core.verb:set package 'ultrasonic_sensor' build argument 'cmake_args' from command line to 'None'
[0.287s] Level 5:colcon.colcon_core.verb:set package 'ultrasonic_sensor' build argument 'cmake_target' from command line to 'None'
[0.288s] Level 5:colcon.colcon_core.verb:set package 'ultrasonic_sensor' build argument 'cmake_target_skip_unavailable' from command line to 'False'
[0.288s] Level 5:colcon.colcon_core.verb:set package 'ultrasonic_sensor' build argument 'cmake_clean_cache' from command line to 'False'
[0.288s] Level 5:colcon.colcon_core.verb:set package 'ultrasonic_sensor' build argument 'cmake_clean_first' from command line to 'False'
[0.288s] Level 5:colcon.colcon_core.verb:set package 'ultrasonic_sensor' build argument 'cmake_force_configure' from command line to 'False'
[0.288s] Level 5:colcon.colcon_core.verb:set package 'ultrasonic_sensor' build argument 'ament_cmake_args' from command line to 'None'
[0.289s] Level 5:colcon.colcon_core.verb:set package 'ultrasonic_sensor' build argument 'catkin_cmake_args' from command line to 'None'
[0.289s] Level 5:colcon.colcon_core.verb:set package 'ultrasonic_sensor' build argument 'catkin_skip_building_tests' from command line to 'False'
[0.289s] DEBUG:colcon.colcon_core.verb:Building package 'ultrasonic_sensor' with the following arguments: {'ament_cmake_args': None, 'build_base': '/home/user/drone/build/ultrasonic_sensor', 'catkin_cmake_args': None, 'catkin_skip_building_tests': False, 'cmake_args': None, 'cmake_clean_cache': False, 'cmake_clean_first': False, 'cmake_force_configure': False, 'cmake_target': None, 'cmake_target_skip_unavailable': False, 'install_base': '/home/user/drone/install/ultrasonic_sensor', 'merge_install': False, 'path': '/home/user/drone/src/ultrasonic_sensor', 'symlink_install': False, 'test_result_base': None}
[0.289s] INFO:colcon.colcon_core.executor:Executing jobs using 'parallel' executor
[0.290s] DEBUG:colcon.colcon_parallel_executor.executor.parallel:run_until_complete
[0.291s] INFO:colcon.colcon_ros.task.ament_cmake.build:Building ROS package in '/home/user/drone/src/ultrasonic_sensor' with build type 'ament_cmake'
[0.291s] INFO:colcon.colcon_cmake.task.cmake.build:Building CMake package in '/home/user/drone/src/ultrasonic_sensor'
[0.293s] INFO:colcon.colcon_core.plugin_system:Skipping extension 'colcon_core.shell.bat': Not used on non-Windows systems
[0.293s] INFO:colcon.colcon_core.shell:Skip shell extension 'powershell' for command environment: Not usable outside of PowerShell
[0.293s] DEBUG:colcon.colcon_core.shell:Skip shell extension 'dsv' for command environment
[0.304s] DEBUG:colcon.colcon_core.event_handler.log_command:Invoking command in '/home/user/drone/build/ultrasonic_sensor': CMAKE_PREFIX_PATH=${CMAKE_PREFIX_PATH}:/home/user/ros2_wstuto/install/tuto:/opt/ros/humble /usr/bin/cmake /home/user/drone/src/ultrasonic_sensor -DCMAKE_INSTALL_PREFIX=/home/user/drone/install/ultrasonic_sensor
[5.623s] DEBUG:colcon.colcon_core.event_handler.log_command:Invoked command in '/home/user/drone/build/ultrasonic_sensor' returned '0': CMAKE_PREFIX_PATH=${CMAKE_PREFIX_PATH}:/home/user/ros2_wstuto/install/tuto:/opt/ros/humble /usr/bin/cmake /home/user/drone/src/ultrasonic_sensor -DCMAKE_INSTALL_PREFIX=/home/user/drone/install/ultrasonic_sensor
[5.625s] DEBUG:colcon.colcon_core.event_handler.log_command:Invoking command in '/home/user/drone/build/ultrasonic_sensor': CMAKE_PREFIX_PATH=${CMAKE_PREFIX_PATH}:/home/user/ros2_wstuto/install/tuto:/opt/ros/humble /usr/bin/cmake --build /home/user/drone/build/ultrasonic_sensor -- -j12 -l12
[8.578s] DEBUG:colcon.colcon_core.event_handler.log_command:Invoked command in '/home/user/drone/build/ultrasonic_sensor' returned '2': CMAKE_PREFIX_PATH=${CMAKE_PREFIX_PATH}:/home/user/ros2_wstuto/install/tuto:/opt/ros/humble /usr/bin/cmake --build /home/user/drone/build/ultrasonic_sensor -- -j12 -l12
[8.594s] Level 1:colcon.colcon_core.environment:create_environment_scripts_only(ultrasonic_sensor)
[8.596s] Level 1:colcon.colcon_core.environment:checking '/home/user/drone/install/ultrasonic_sensor' for CMake module files
[8.596s] Level 1:colcon.colcon_core.environment:checking '/home/user/drone/install/ultrasonic_sensor' for CMake config files
[8.597s] Level 1:colcon.colcon_core.environment:checking '/home/user/drone/install/ultrasonic_sensor/bin'
[8.597s] Level 1:colcon.colcon_core.environment:checking '/home/user/drone/install/ultrasonic_sensor/lib/pkgconfig/ultrasonic_sensor.pc'
[8.597s] Level 1:colcon.colcon_core.environment:checking '/home/user/drone/install/ultrasonic_sensor/lib/python3.10/site-packages'
[8.597s] Level 1:colcon.colcon_core.environment:checking '/home/user/drone/install/ultrasonic_sensor/bin'
[8.597s] INFO:colcon.colcon_core.shell:Creating package script '/home/user/drone/install/ultrasonic_sensor/share/ultrasonic_sensor/package.ps1'
[8.598s] INFO:colcon.colcon_core.shell:Creating package descriptor '/home/user/drone/install/ultrasonic_sensor/share/ultrasonic_sensor/package.dsv'
[8.599s] INFO:colcon.colcon_core.shell:Creating package script '/home/user/drone/install/ultrasonic_sensor/share/ultrasonic_sensor/package.sh'
[8.599s] INFO:colcon.colcon_core.shell:Creating package script '/home/user/drone/install/ultrasonic_sensor/share/ultrasonic_sensor/package.bash'
[8.600s] INFO:colcon.colcon_core.shell:Creating package script '/home/user/drone/install/ultrasonic_sensor/share/ultrasonic_sensor/package.zsh'
[8.600s] Level 1:colcon.colcon_core.environment:create_file_with_runtime_dependencies(/home/user/drone/install/ultrasonic_sensor/share/colcon-core/packages/ultrasonic_sensor)
[8.601s] DEBUG:colcon.colcon_parallel_executor.executor.parallel:closing loop
[8.601s] DEBUG:colcon.colcon_parallel_executor.executor.parallel:loop closed
[8.601s] DEBUG:colcon.colcon_parallel_executor.executor.parallel:run_until_complete finished with '2'
[8.601s] DEBUG:colcon.colcon_core.event_reactor:joining thread
[8.639s] INFO:colcon.colcon_core.plugin_system:Skipping extension 'colcon_notification.desktop_notification.notify_send': Could not find 'notify-send'
[8.639s] INFO:colcon.colcon_core.plugin_system:Skipping extension 'colcon_notification.desktop_notification.terminal_notifier': Not used on non-Darwin systems
[8.639s] INFO:colcon.colcon_core.plugin_system:Skipping extension 'colcon_notification.desktop_notification.win32': Not used on non-Windows systems
[8.639s] INFO:colcon.colcon_notification.desktop_notification:Sending desktop notification using 'notify2'
[8.643s] DEBUG:colcon.colcon_notification.desktop_notification.notify2:Failed to initialize notify2: org.freedesktop.DBus.Error.ServiceUnknown: The name org.freedesktop.Notifications was not provided by any .service files
[8.643s] DEBUG:colcon.colcon_core.event_reactor:joined thread
[8.643s] INFO:colcon.colcon_core.shell:Creating prefix script '/home/user/drone/install/local_setup.ps1'
[8.644s] INFO:colcon.colcon_core.shell:Creating prefix util module '/home/user/drone/install/_local_setup_util_ps1.py'
[8.645s] INFO:colcon.colcon_core.shell:Creating prefix chain script '/home/user/drone/install/setup.ps1'
[8.646s] INFO:colcon.colcon_core.shell:Creating prefix script '/home/user/drone/install/local_setup.sh'
[8.647s] INFO:colcon.colcon_core.shell:Creating prefix util module '/home/user/drone/install/_local_setup_util_sh.py'
[8.647s] INFO:colcon.colcon_core.shell:Creating prefix chain script '/home/user/drone/install/setup.sh'
[8.648s] INFO:colcon.colcon_core.shell:Creating prefix script '/home/user/drone/install/local_setup.bash'
[8.649s] INFO:colcon.colcon_core.shell:Creating prefix chain script '/home/user/drone/install/setup.bash'
[8.651s] INFO:colcon.colcon_core.shell:Creating prefix script '/home/user/drone/install/local_setup.zsh'
[8.651s] INFO:colcon.colcon_core.shell:Creating prefix chain script '/home/user/drone/install/setup.zsh'
