[0.014s] Invoking command in '/home/user/drone/build/ultrasonic_sensor': CMAKE_PREFIX_PATH=${CMAKE_PREFIX_PATH}:/home/user/ros2_wstuto/install/tuto:/opt/ros/humble /usr/bin/cmake /home/user/drone/src/ultrasonic_sensor -DCMAKE_INSTALL_PREFIX=/home/user/drone/install/ultrasonic_sensor
[0.291s] -- The C compiler identification is GNU 11.4.0
[0.733s] -- The CXX compiler identification is GNU 11.4.0
[1.042s] -- Detecting C compiler ABI info
[1.166s] -- Detecting C compiler ABI info - done
[1.172s] -- Check for working C compiler: /usr/bin/cc - skipped
[1.172s] -- Detecting C compile features
[1.173s] -- Detecting C compile features - done
[1.177s] -- Detecting CXX compiler ABI info
[1.298s] -- Detecting CXX compiler ABI info - done
[1.306s] -- Check for working CXX compiler: /usr/bin/c++ - skipped
[1.306s] -- Detecting CXX compile features
[1.306s] -- Detecting CXX compile features - done
[1.318s] -- Found ament_cmake: 1.3.9 (/opt/ros/humble/share/ament_cmake/cmake)
[1.629s] -- Found Python3: /usr/bin/python3 (found version "3.10.12") found components: Interpreter 
[1.737s] -- Found rclcpp: 16.0.9 (/opt/ros/humble/share/rclcpp/cmake)
[1.928s] -- Found rosidl_generator_c: 3.1.5 (/opt/ros/humble/share/rosidl_generator_c/cmake)
[1.935s] -- Found rosidl_adapter: 3.1.5 (/opt/ros/humble/share/rosidl_adapter/cmake)
[1.947s] -- Found rosidl_generator_cpp: 3.1.5 (/opt/ros/humble/share/rosidl_generator_cpp/cmake)
[1.968s] -- Using all available rosidl_typesupport_c: rosidl_typesupport_fastrtps_c;rosidl_typesupport_introspection_c
[1.994s] -- Using all available rosidl_typesupport_cpp: rosidl_typesupport_fastrtps_cpp;rosidl_typesupport_introspection_cpp
[2.078s] -- Found rmw_implementation_cmake: 6.1.2 (/opt/ros/humble/share/rmw_implementation_cmake/cmake)
[2.083s] -- Found rmw_fastrtps_cpp: 6.2.6 (/opt/ros/humble/share/rmw_fastrtps_cpp/cmake)
[3.353s] -- Found OpenSSL: /usr/lib/x86_64-linux-gnu/libcrypto.so (found version "3.0.2")  
[4.758s] -- Found FastRTPS: /opt/ros/humble/include  
[7.261s] -- Using RMW implementation 'rmw_fastrtps_cpp' as default
[7.279s] -- Looking for pthread.h
[7.409s] -- Looking for pthread.h - found
[7.409s] -- Performing Test CMAKE_HAVE_LIBC_PTHREAD
[7.523s] -- Performing Test CMAKE_HAVE_LIBC_PTHREAD - Success
[7.523s] -- Found Threads: TRUE  
[7.692s] -- Found sensor_msgs: 4.2.3 (/opt/ros/humble/share/sensor_msgs/cmake)
[7.865s] -- Configuring done
[7.870s] [31mCMake Error at CMakeLists.txt:18 (add_executable):
[7.870s]   Cannot find source file:
[7.870s] 
[7.870s]     src/ultrasonic_sensor_node.cpp
[7.870s] 
[7.870s]   Tried extensions .c .C .c++ .cc .cpp .cxx .cu .mpp .m .M .mm .ixx .cppm .h
[7.870s]   .hh .h++ .hm .hpp .hxx .in .txx .f .F .for .f77 .f90 .f95 .f03 .hip .ispc
[7.870s] 
[7.870s] [0m
[7.871s] [31mCMake Error at CMakeLists.txt:18 (add_executable):
[7.871s]   No SOURCES given to target: ultrasonic_sensor_node
[7.871s] 
[7.871s] [0m
[7.871s] [0mCMake Generate step failed.  Build files cannot be regenerated correctly.[0m
[7.886s] Invoked command in '/home/user/drone/build/ultrasonic_sensor' returned '1': CMAKE_PREFIX_PATH=${CMAKE_PREFIX_PATH}:/home/user/ros2_wstuto/install/tuto:/opt/ros/humble /usr/bin/cmake /home/user/drone/src/ultrasonic_sensor -DCMAKE_INSTALL_PREFIX=/home/user/drone/install/ultrasonic_sensor
